2025-03-08 09:14:58,701 - mot_api - ERROR - Missing required environment variables: MOT_CLIENT_ID, MOT_CLIENT_SECRET, MOT_TENANT_ID, MOT_API_KEY
2025-03-08 11:16:39,930 - mot_api - INFO - OPTIONS /api/v1/vehicle/registration/G504SCG - 200 - 0.0011s
2025-03-08 11:16:39,934 - mot_api - INFO - OPTIONS /api/v1/vehicle/registration/G504SCG - 200 - 0.0040s
2025-03-08 11:16:40,241 - mot_api - INFO - Requesting new access token
2025-03-08 11:16:41,376 - mot_api - INFO - Successfully obtained new access token
2025-03-08 11:16:41,376 - mot_api - INFO - Fetching vehicle data for registration: G504SCG
2025-03-08 11:16:42,512 - mot_api - INFO - GET /api/v1/vehicle/registration/G504SCG - 200 - 2.2712s
2025-03-08 11:16:42,516 - mot_api - INFO - GET /api/v1/vehicle/registration/G504SCG - 200 - 0.0055s
2025-03-08 11:19:54,666 - mot_api - INFO - OPTIONS /api/v1/vehicle/registration/BN54MXJ - 200 - 0.0000s
2025-03-08 11:19:54,669 - mot_api - INFO - OPTIONS /api/v1/vehicle/registration/BN54MXJ - 200 - 0.0000s
2025-03-08 11:19:54,676 - mot_api - INFO - OPTIONS /api/v1/vehicle/registration/BN54MXJ - 200 - 0.0001s
2025-03-08 11:19:54,680 - mot_api - INFO - OPTIONS /api/v1/vehicle/registration/BN54MXJ - 200 - 0.0039s
2025-03-08 11:19:54,986 - mot_api - INFO - Fetching vehicle data for registration: BN54MXJ
2025-03-08 11:19:58,606 - mot_api - INFO - GET /api/v1/vehicle/registration/BN54MXJ - 200 - 3.6198s
2025-03-08 11:19:58,611 - mot_api - INFO - GET /api/v1/vehicle/registration/BN54MXJ - 200 - 0.0052s
2025-03-08 11:29:48,500 - mot_api - INFO - OPTIONS /api/v1/vehicle/registration/SB09UKO - 200 - 0.0018s
2025-03-08 11:29:48,503 - mot_api - INFO - OPTIONS /api/v1/vehicle/registration/SB09UKO - 200 - 0.0036s
2025-03-08 11:29:48,505 - mot_api - INFO - OPTIONS /api/v1/vehicle/registration/SB09UKO - 200 - 0.0056s
2025-03-08 11:29:48,507 - mot_api - INFO - OPTIONS /api/v1/vehicle/registration/SB09UKO - 200 - 0.0076s
2025-03-08 11:29:48,817 - mot_api - INFO - Fetching vehicle data for registration: SB09UKO
2025-03-08 11:29:49,764 - mot_api - INFO - GET /api/v1/vehicle/registration/SB09UKO - 200 - 0.9473s
2025-03-08 11:29:49,764 - mot_api - INFO - GET /api/v1/vehicle/registration/SB09UKO - 200 - 0.9473s
2025-03-08 11:38:17,057 - mot_api - INFO - Fetching vehicle data for registration: SB09UKO
2025-03-08 11:38:18,492 - mot_api - INFO - GET /api/v1/vehicle/registration/SB09UKO - 200 - 1.4352s
2025-03-08 11:38:18,495 - mot_api - INFO - GET /api/v1/vehicle/registration/SB09UKO - 200 - 0.0131s
2025-03-08 11:45:12,967 - mot_api - INFO - OPTIONS /api/v1/vehicle/registration/SB09UKO - 200 - 0.0000s
2025-03-08 11:45:13,285 - mot_api - INFO - Fetching vehicle data for registration: SB09UKO
2025-03-08 11:45:15,143 - mot_api - INFO - GET /api/v1/vehicle/registration/SB09UKO - 200 - 1.8588s
2025-03-08 11:49:29,737 - mot_api - INFO - GET /api/v1/vehicle/registration/SB09UKO - 200 - 0.0023s
2025-03-08 11:59:50,444 - mot_api - INFO - OPTIONS /api/v1/vehicle/registration/SB09UKO - 200 - 0.0011s
2025-03-08 11:59:50,446 - mot_api - INFO - OPTIONS /api/v1/vehicle/registration/SB09UKO - 200 - 0.0019s
2025-03-08 11:59:50,450 - mot_api - INFO - OPTIONS /api/v1/vehicle/registration/SB09UKO - 200 - 0.0010s
2025-03-08 11:59:50,451 - mot_api - INFO - OPTIONS /api/v1/vehicle/registration/SB09UKO - 200 - 0.0020s
2025-03-08 11:59:50,760 - mot_api - INFO - Fetching vehicle data for registration: SB09UKO
2025-03-08 11:59:52,571 - mot_api - INFO - GET /api/v1/vehicle/registration/SB09UKO - 200 - 1.8113s
2025-03-08 11:59:52,571 - mot_api - INFO - GET /api/v1/vehicle/registration/SB09UKO - 200 - 0.0011s
2025-03-08 12:02:13,722 - mot_api - INFO - GET /api/v1/premium-report/SB09UKO - 404 - 0.0000s
2025-03-08 12:02:13,731 - mot_api - INFO - GET /api/v1/premium-report/SB09UKO - 404 - 0.0000s
2025-03-08 12:02:26,879 - mot_api - INFO - GET /api/v1/premium-report/SB09UKO - 404 - 0.0000s
2025-03-08 12:02:26,883 - mot_api - INFO - GET /api/v1/premium-report/SB09UKO - 404 - 0.0010s
2025-03-08 12:02:56,355 - mot_api - INFO - GET /api/v1/premium-report/SB09UKO - 404 - 0.0010s
2025-03-08 12:02:56,361 - mot_api - INFO - GET /api/v1/premium-report/SB09UKO - 404 - 0.0000s
2025-03-08 17:00:16,204 - mot_api - INFO - OPTIONS /api/v1/vehicle/registration/SB09UKO - 200 - 0.0000s
2025-03-08 17:00:16,214 - mot_api - INFO - OPTIONS /api/v1/vehicle/registration/SB09UKO - 200 - 0.0092s
2025-03-08 17:00:16,214 - mot_api - INFO - OPTIONS /api/v1/vehicle/registration/SB09UKO - 200 - 0.0097s
2025-03-08 17:00:16,217 - mot_api - INFO - OPTIONS /api/v1/vehicle/registration/SB09UKO - 200 - 0.0127s
2025-03-08 17:00:16,524 - mot_api - INFO - Requesting new access token
2025-03-08 17:00:16,805 - mot_api - INFO - Successfully obtained new access token
2025-03-08 17:00:16,805 - mot_api - INFO - Fetching vehicle data for registration: SB09UKO
2025-03-08 17:00:17,806 - mot_api - INFO - GET /api/v1/vehicle/registration/SB09UKO - 200 - 1.2816s
2025-03-08 17:00:17,806 - mot_api - INFO - GET /api/v1/vehicle/registration/SB09UKO - 200 - 0.0000s
2025-03-08 17:06:58,796 - mot_api - INFO - OPTIONS /api/v1/vehicle/registration/G504SCG - 200 - 0.0000s
2025-03-08 17:06:58,796 - mot_api - INFO - OPTIONS /api/v1/vehicle/registration/G504SCG - 200 - 0.0041s
2025-03-08 17:06:58,803 - mot_api - INFO - OPTIONS /api/v1/vehicle/registration/G504SCG - 200 - 0.0112s
2025-03-08 17:06:58,806 - mot_api - INFO - OPTIONS /api/v1/vehicle/registration/G504SCG - 200 - 0.0101s
2025-03-08 17:06:59,122 - mot_api - INFO - Fetching vehicle data for registration: G504SCG
2025-03-08 17:06:59,824 - mot_api - INFO - GET /api/v1/vehicle/registration/G504SCG - 200 - 0.7021s
2025-03-08 17:06:59,826 - mot_api - INFO - GET /api/v1/vehicle/registration/G504SCG - 200 - 0.7041s
2025-03-08 17:10:22,229 - mot_api - INFO - OPTIONS /api/v1/vehicle/registration/SB09UKO - 200 - 0.0000s
2025-03-08 17:10:22,231 - mot_api - INFO - OPTIONS /api/v1/vehicle/registration/SB09UKO - 200 - 0.0027s
2025-03-08 17:10:22,233 - mot_api - INFO - OPTIONS /api/v1/vehicle/registration/SB09UKO - 200 - 0.0000s
2025-03-08 17:10:22,235 - mot_api - INFO - OPTIONS /api/v1/vehicle/registration/SB09UKO - 200 - 0.0000s
2025-03-08 17:10:22,560 - mot_api - INFO - Fetching vehicle data for registration: SB09UKO
2025-03-08 17:10:23,297 - mot_api - INFO - GET /api/v1/vehicle/registration/SB09UKO - 200 - 0.7367s
2025-03-08 17:10:23,297 - mot_api - INFO - GET /api/v1/vehicle/registration/SB09UKO - 200 - 0.0000s
2025-03-08 17:15:59,350 - mot_api - INFO - Fetching vehicle data for registration: SB09UKO
2025-03-08 17:16:00,168 - mot_api - INFO - GET /api/v1/vehicle/registration/SB09UKO - 200 - 0.8191s
2025-03-08 17:24:08,673 - mot_api - INFO - OPTIONS /api/v1/vehicle/registration/SB09UKO - 200 - 0.0000s
2025-03-08 17:24:08,673 - mot_api - INFO - OPTIONS /api/v1/vehicle/registration/SB09UKO - 200 - 0.0000s
2025-03-08 17:24:08,673 - mot_api - INFO - OPTIONS /api/v1/vehicle/registration/SB09UKO - 200 - 0.0000s
2025-03-08 17:24:08,687 - mot_api - INFO - OPTIONS /api/v1/vehicle/registration/SB09UKO - 200 - 0.0140s
2025-03-08 17:24:08,997 - mot_api - INFO - Fetching vehicle data for registration: SB09UKO
2025-03-08 17:24:09,654 - mot_api - INFO - GET /api/v1/vehicle/registration/SB09UKO - 200 - 0.6571s
2025-03-08 17:24:09,670 - mot_api - INFO - GET /api/v1/vehicle/registration/SB09UKO - 200 - 0.6725s
2025-03-08 17:35:30,856 - mot_api - INFO - OPTIONS /api/v1/vehicle/registration/SB09UKO - 200 - 0.0000s
2025-03-08 17:35:30,861 - mot_api - INFO - OPTIONS /api/v1/vehicle/registration/SB09UKO - 200 - 0.0050s
2025-03-08 17:35:31,177 - mot_api - INFO - Fetching vehicle data for registration: SB09UKO
2025-03-08 17:35:32,066 - mot_api - INFO - GET /api/v1/vehicle/registration/SB09UKO - 200 - 0.8887s
2025-03-08 17:35:32,068 - mot_api - INFO - GET /api/v1/vehicle/registration/SB09UKO - 200 - 0.0040s
2025-03-09 09:30:00,585 - mot_api - INFO - OPTIONS /api/v1/vehicle/registration/SB09UKO - 200 - 0.0000s
2025-03-09 09:30:00,593 - mot_api - INFO - OPTIONS /api/v1/vehicle/registration/SB09UKO - 200 - 0.0078s
2025-03-09 09:30:00,595 - mot_api - INFO - OPTIONS /api/v1/vehicle/registration/SB09UKO - 200 - 0.0098s
2025-03-09 09:30:00,597 - mot_api - INFO - OPTIONS /api/v1/vehicle/registration/SB09UKO - 200 - 0.0118s
2025-03-09 09:30:00,907 - mot_api - INFO - Requesting new access token
2025-03-09 09:30:01,291 - mot_api - INFO - Successfully obtained new access token
2025-03-09 09:30:01,295 - mot_api - INFO - Fetching vehicle data for registration: SB09UKO
2025-03-09 09:30:03,353 - mot_api - INFO - GET /api/v1/vehicle/registration/SB09UKO - 200 - 2.4459s
2025-03-09 09:30:03,357 - mot_api - INFO - GET /api/v1/vehicle/registration/SB09UKO - 200 - 0.0037s
2025-03-09 09:55:47,472 - mot_api - INFO - OPTIONS /api/v1/vehicle/registration/SB09UKO - 200 - 0.0000s
2025-03-09 09:55:47,786 - mot_api - INFO - Fetching vehicle data for registration: SB09UKO
2025-03-09 09:55:49,223 - mot_api - INFO - GET /api/v1/vehicle/registration/SB09UKO - 200 - 1.4371s
2025-03-09 10:02:13,952 - mot_api - INFO - Fetching vehicle data for registration: SB09UKO
2025-03-09 10:02:14,733 - mot_api - INFO - GET /api/v1/vehicle/registration/SB09UKO - 200 - 0.7804s
2025-03-09 10:02:14,733 - mot_api - INFO - GET /api/v1/vehicle/registration/SB09UKO - 200 - 0.0101s
2025-03-09 10:15:48,334 - mot_api - INFO - OPTIONS /api/v1/vehicle/registration/BN54MXJ - 200 - 0.0000s
2025-03-09 10:15:48,335 - mot_api - INFO - OPTIONS /api/v1/vehicle/registration/BN54MXJ - 200 - 0.0021s
2025-03-09 10:15:48,338 - mot_api - INFO - OPTIONS /api/v1/vehicle/registration/BN54MXJ - 200 - 0.0000s
2025-03-09 10:15:48,342 - mot_api - INFO - OPTIONS /api/v1/vehicle/registration/BN54MXJ - 200 - 0.0000s
2025-03-09 10:15:48,648 - mot_api - INFO - Fetching vehicle data for registration: BN54MXJ
2025-03-09 10:15:49,984 - mot_api - INFO - GET /api/v1/vehicle/registration/BN54MXJ - 200 - 1.3354s
2025-03-09 10:15:49,988 - mot_api - INFO - GET /api/v1/vehicle/registration/BN54MXJ - 200 - 0.0045s
2025-03-09 10:21:57,463 - mot_api - INFO - Fetching vehicle data for registration: BN54MXJ
2025-03-09 10:21:58,138 - mot_api - INFO - GET /api/v1/vehicle/registration/BN54MXJ - 200 - 0.6762s
2025-03-09 10:23:04,988 - mot_api - INFO - OPTIONS /api/v1/vehicle/registration/SB09UKO - 200 - 0.0005s
2025-03-09 10:23:04,991 - mot_api - INFO - OPTIONS /api/v1/vehicle/registration/SB09UKO - 200 - 0.0035s
2025-03-09 10:23:04,993 - mot_api - INFO - OPTIONS /api/v1/vehicle/registration/SB09UKO - 200 - 0.0010s
2025-03-09 10:23:04,994 - mot_api - INFO - OPTIONS /api/v1/vehicle/registration/SB09UKO - 200 - 0.0020s
2025-03-09 10:23:05,304 - mot_api - INFO - Fetching vehicle data for registration: SB09UKO
2025-03-09 10:23:06,149 - mot_api - INFO - GET /api/v1/vehicle/registration/SB09UKO - 200 - 0.8461s
2025-03-09 10:23:06,149 - mot_api - INFO - GET /api/v1/vehicle/registration/SB09UKO - 200 - 0.0000s
2025-03-09 10:57:03,738 - mot_api - INFO - OPTIONS /api/v1/vehicle/registration/G504SCG - 200 - 0.0010s
2025-03-09 10:57:03,740 - mot_api - INFO - OPTIONS /api/v1/vehicle/registration/G504SCG - 200 - 0.0014s
2025-03-09 10:57:03,743 - mot_api - INFO - OPTIONS /api/v1/vehicle/registration/G504SCG - 200 - 0.0010s
2025-03-09 10:57:03,747 - mot_api - INFO - OPTIONS /api/v1/vehicle/registration/G504SCG - 200 - 0.0006s
2025-03-09 10:57:04,062 - mot_api - INFO - Requesting new access token
2025-03-09 10:57:04,369 - mot_api - INFO - Successfully obtained new access token
2025-03-09 10:57:04,375 - mot_api - INFO - Fetching vehicle data for registration: G504SCG
2025-03-09 10:57:05,886 - mot_api - INFO - GET /api/v1/vehicle/registration/G504SCG - 200 - 1.8243s
2025-03-09 10:57:05,889 - mot_api - INFO - GET /api/v1/vehicle/registration/G504SCG - 200 - 0.0022s
2025-03-09 11:00:15,387 - mot_api - INFO - OPTIONS /api/v1/vehicle/registration/BN54MXJ - 200 - 0.0010s
2025-03-09 11:00:15,389 - mot_api - INFO - OPTIONS /api/v1/vehicle/registration/BN54MXJ - 200 - 0.0011s
2025-03-09 11:00:15,389 - mot_api - INFO - OPTIONS /api/v1/vehicle/registration/BN54MXJ - 200 - 0.0011s
2025-03-09 11:00:15,709 - mot_api - INFO - Fetching vehicle data for registration: BN54MXJ
2025-03-09 11:00:16,918 - mot_api - INFO - GET /api/v1/vehicle/registration/BN54MXJ - 200 - 1.2098s
2025-03-09 11:00:16,918 - mot_api - INFO - GET /api/v1/vehicle/registration/BN54MXJ - 200 - 0.0000s
2025-03-09 11:01:06,428 - mot_api - INFO - OPTIONS /api/v1/vehicle/registration/SP52FUY - 200 - 0.0000s
2025-03-09 11:01:06,433 - mot_api - INFO - OPTIONS /api/v1/vehicle/registration/SP52FUY - 200 - 0.0000s
2025-03-09 11:01:06,446 - mot_api - INFO - OPTIONS /api/v1/vehicle/registration/SP52FUY - 200 - 0.0000s
2025-03-09 11:01:06,452 - mot_api - INFO - OPTIONS /api/v1/vehicle/registration/SP52FUY - 200 - 0.0000s
2025-03-09 11:01:06,454 - mot_api - INFO - Fetching vehicle data for registration: SP52FUY
2025-03-09 11:01:07,679 - mot_api - INFO - GET /api/v1/vehicle/registration/SP52FUY - 200 - 1.2247s
2025-03-09 11:01:07,684 - mot_api - INFO - GET /api/v1/vehicle/registration/SP52FUY - 200 - 0.0056s
2025-03-09 11:11:53,241 - mot_api - INFO - OPTIONS /api/v1/vehicle/registration/SB09UKO - 200 - 0.0000s
2025-03-09 11:11:53,247 - mot_api - INFO - OPTIONS /api/v1/vehicle/registration/SB09UKO - 200 - 0.0000s
2025-03-09 11:11:53,253 - mot_api - INFO - OPTIONS /api/v1/vehicle/registration/SB09UKO - 200 - 0.0010s
2025-03-09 11:11:53,256 - mot_api - INFO - OPTIONS /api/v1/vehicle/registration/SB09UKO - 200 - 0.0030s
2025-03-09 11:11:53,571 - mot_api - INFO - Fetching vehicle data for registration: SB09UKO
2025-03-09 11:11:54,775 - mot_api - INFO - GET /api/v1/vehicle/registration/SB09UKO - 200 - 1.2041s
2025-03-09 11:11:54,775 - mot_api - INFO - GET /api/v1/vehicle/registration/SB09UKO - 200 - 1.2041s
2025-03-09 11:22:11,896 - mot_api - INFO - OPTIONS /api/v1/vehicle/registration/SB09UKO - 200 - 0.0000s
2025-03-09 11:22:11,896 - mot_api - INFO - OPTIONS /api/v1/vehicle/registration/SB09UKO - 200 - 0.0000s
2025-03-09 11:22:11,904 - mot_api - INFO - OPTIONS /api/v1/vehicle/registration/SB09UKO - 200 - 0.0076s
2025-03-09 11:22:11,904 - mot_api - INFO - OPTIONS /api/v1/vehicle/registration/SB09UKO - 200 - 0.0076s
2025-03-09 11:22:12,215 - mot_api - INFO - Fetching vehicle data for registration: SB09UKO
2025-03-09 11:22:13,847 - mot_api - INFO - GET /api/v1/vehicle/registration/SB09UKO - 200 - 1.6320s
2025-03-09 11:22:13,847 - mot_api - INFO - GET /api/v1/vehicle/registration/SB09UKO - 200 - 0.0000s
2025-03-09 11:28:16,365 - mot_api - INFO - Fetching vehicle data for registration: SB09UKO
2025-03-09 11:28:17,050 - mot_api - INFO - GET /api/v1/vehicle/registration/SB09UKO - 200 - 0.6857s
2025-03-09 11:28:17,054 - mot_api - INFO - GET /api/v1/vehicle/registration/SB09UKO - 200 - 0.6892s
