2025-03-08 16:59:25,647 - mot_manual_api - INFO - Successfully loaded MOT manual data from mot_manual.json
2025-03-08 16:59:25,647 - mot_manual_api - INFO - API started and data indexed successfully
2025-03-09 09:29:43,425 - mot_manual_api - INFO - Successfully loaded MOT manual data from mot_manual.json
2025-03-09 09:29:43,429 - mot_manual_api - INFO - API started and data indexed successfully
2025-03-09 10:57:53,904 - mot_manual_api - WARNING - Item ID 1.2.2 does not follow expected format 1.1.X
2025-03-09 10:57:53,907 - mot_manual_api - WARNING - Subsection ID 3 does not follow expected format 2.X
2025-03-09 10:57:53,908 - mot_manual_api - WARNING - Subsection 3 has no items
2025-03-09 10:57:53,909 - mot_manual_api - INFO - Successfully loaded MOT manual data from mot_manual.json
2025-03-09 10:57:53,910 - mot_manual_api - INFO - Built index with 379 entries
2025-03-09 10:57:53,911 - mot_manual_api - INFO - Index structure: {'section': 4, 'subsection': 15, 'item': 56, 'defect': 304}
2025-03-09 10:57:53,912 - mot_manual_api - INFO - API started and data indexed successfully
2025-03-09 16:50:40,846 - mot_manual_api - WARNING - Item ID 1.2.2 does not follow expected format 1.1.X
2025-03-09 16:50:40,846 - mot_manual_api - WARNING - Subsection ID 3 does not follow expected format 2.X
2025-03-09 16:50:40,855 - mot_manual_api - WARNING - Subsection 3 has no items
2025-03-09 16:50:40,855 - mot_manual_api - INFO - Successfully loaded MOT manual data from mot_manual.json
2025-03-09 16:50:40,855 - mot_manual_api - INFO - Built index with 592 entries
2025-03-09 16:50:40,855 - mot_manual_api - INFO - Index structure: {'section': 8, 'subsection': 37, 'item': 96, 'defect': 451}
2025-03-09 16:50:40,855 - mot_manual_api - INFO - API started and data indexed successfully
2025-03-11 06:31:44,667 - mot_manual_api - WARNING - Item ID 1.2.2 does not follow expected format 1.1.X
2025-03-11 06:31:44,667 - mot_manual_api - WARNING - Subsection ID 3 does not follow expected format 2.X
2025-03-11 06:31:44,668 - mot_manual_api - WARNING - Subsection 3 has no items
2025-03-11 06:31:44,668 - mot_manual_api - INFO - Successfully loaded MOT manual data from mot_manual.json
2025-03-11 06:31:44,669 - mot_manual_api - INFO - Built index with 592 entries
2025-03-11 06:31:44,669 - mot_manual_api - INFO - Index structure: {'section': 8, 'subsection': 37, 'item': 96, 'defect': 451}
2025-03-11 06:31:44,669 - mot_manual_api - INFO - API started and data indexed successfully
2025-03-11 11:10:10,463 - mot_manual_api - WARNING - Item ID 1.2.2 does not follow expected format 1.1.X
2025-03-11 11:10:10,464 - mot_manual_api - WARNING - Subsection ID 3 does not follow expected format 2.X
2025-03-11 11:10:10,464 - mot_manual_api - WARNING - Subsection 3 has no items
2025-03-11 11:10:10,464 - mot_manual_api - INFO - Successfully loaded MOT manual data from mot_manual.json
2025-03-11 11:10:10,464 - mot_manual_api - INFO - Built index with 592 entries
2025-03-11 11:10:10,465 - mot_manual_api - INFO - Index structure: {'section': 8, 'subsection': 37, 'item': 96, 'defect': 451}
2025-03-11 11:10:10,465 - mot_manual_api - INFO - API started and data indexed successfully
2025-03-11 19:16:50,934 - mot_manual_api - WARNING - Item ID 1.2.2 does not follow expected format 1.1.X
2025-03-11 19:16:50,935 - mot_manual_api - WARNING - Subsection ID 3 does not follow expected format 2.X
2025-03-11 19:16:50,935 - mot_manual_api - WARNING - Subsection 3 has no items
2025-03-11 19:16:50,936 - mot_manual_api - INFO - Successfully loaded MOT manual data from mot_manual.json
2025-03-11 19:16:50,936 - mot_manual_api - INFO - Built index with 592 entries
2025-03-11 19:16:50,937 - mot_manual_api - INFO - Index structure: {'section': 8, 'subsection': 37, 'item': 96, 'defect': 451}
2025-03-11 19:16:50,937 - mot_manual_api - INFO - API started and data indexed successfully
2025-03-12 09:52:05,986 - mot_manual_api - WARNING - Item ID 1.2.2 does not follow expected format 1.1.X
2025-03-12 09:52:05,986 - mot_manual_api - WARNING - Subsection ID 3 does not follow expected format 2.X
2025-03-12 09:52:06,002 - mot_manual_api - WARNING - Subsection 3 has no items
2025-03-12 09:52:06,002 - mot_manual_api - INFO - Successfully loaded MOT manual data from mot_manual.json
2025-03-12 09:52:06,002 - mot_manual_api - INFO - Built index with 592 entries
2025-03-12 09:52:06,002 - mot_manual_api - INFO - Index structure: {'section': 8, 'subsection': 37, 'item': 96, 'defect': 451}
2025-03-12 09:52:06,002 - mot_manual_api - INFO - API started and data indexed successfully
2025-03-12 09:57:55,160 - mot_manual_api - WARNING - Item ID 1.2.2 does not follow expected format 1.1.X
2025-03-12 09:57:55,160 - mot_manual_api - WARNING - Subsection ID 3 does not follow expected format 2.X
2025-03-12 09:57:55,160 - mot_manual_api - WARNING - Subsection 3 has no items
2025-03-12 09:57:55,160 - mot_manual_api - INFO - Successfully loaded MOT manual data from mot_manual.json
2025-03-12 09:57:55,160 - mot_manual_api - INFO - Built index with 592 entries
2025-03-12 09:57:55,160 - mot_manual_api - INFO - Index structure: {'section': 8, 'subsection': 37, 'item': 96, 'defect': 451}
2025-03-12 09:57:55,160 - mot_manual_api - INFO - API started and data indexed successfully
2025-03-12 17:59:53,135 - mot_manual_api - WARNING - Item ID 1.2.2 does not follow expected format 1.1.X
2025-03-12 17:59:53,136 - mot_manual_api - WARNING - Subsection ID 3 does not follow expected format 2.X
2025-03-12 17:59:53,136 - mot_manual_api - WARNING - Subsection 3 has no items
2025-03-12 17:59:53,137 - mot_manual_api - INFO - Successfully loaded MOT manual data from mot_manual.json
2025-03-12 17:59:53,137 - mot_manual_api - INFO - Built index with 592 entries
2025-03-12 17:59:53,138 - mot_manual_api - INFO - Index structure: {'section': 8, 'subsection': 37, 'item': 96, 'defect': 451}
2025-03-12 17:59:53,138 - mot_manual_api - INFO - API started and data indexed successfully
2025-03-12 19:52:51,447 - mot_manual_api - WARNING - Item ID 1.2.2 does not follow expected format 1.1.X
2025-03-12 19:52:51,448 - mot_manual_api - WARNING - Subsection ID 3 does not follow expected format 2.X
2025-03-12 19:52:51,448 - mot_manual_api - WARNING - Subsection 3 has no items
2025-03-12 19:52:51,449 - mot_manual_api - INFO - Successfully loaded MOT manual data from mot_manual.json
2025-03-12 19:52:51,450 - mot_manual_api - INFO - Built index with 592 entries
2025-03-12 19:52:51,450 - mot_manual_api - INFO - Index structure: {'section': 8, 'subsection': 37, 'item': 96, 'defect': 451}
2025-03-12 19:52:51,450 - mot_manual_api - INFO - API started and data indexed successfully
2025-03-14 06:44:53,980 - mot_manual_api - WARNING - Item ID 1.2.2 does not follow expected format 1.1.X
2025-03-14 06:44:53,982 - mot_manual_api - WARNING - Subsection ID 3 does not follow expected format 2.X
2025-03-14 06:44:53,982 - mot_manual_api - WARNING - Subsection 3 has no items
2025-03-14 06:44:53,982 - mot_manual_api - INFO - Successfully loaded MOT manual data from mot_manual.json
2025-03-14 06:44:53,983 - mot_manual_api - INFO - Built index with 592 entries
2025-03-14 06:44:53,984 - mot_manual_api - INFO - Index structure: {'section': 8, 'subsection': 37, 'item': 96, 'defect': 451}
2025-03-14 06:44:53,984 - mot_manual_api - INFO - API started and data indexed successfully
2025-03-14 06:49:49,350 - mot_manual_api - WARNING - Item ID 1.2.2 does not follow expected format 1.1.X
2025-03-14 06:49:49,351 - mot_manual_api - WARNING - Subsection ID 3 does not follow expected format 2.X
2025-03-14 06:49:49,351 - mot_manual_api - WARNING - Subsection 3 has no items
2025-03-14 06:49:49,351 - mot_manual_api - INFO - Successfully loaded MOT manual data from mot_manual.json
2025-03-14 06:49:49,352 - mot_manual_api - INFO - Built index with 592 entries
2025-03-14 06:49:49,352 - mot_manual_api - INFO - Index structure: {'section': 8, 'subsection': 37, 'item': 96, 'defect': 451}
2025-03-14 06:49:49,352 - mot_manual_api - INFO - API started and data indexed successfully
2025-03-14 06:51:17,030 - mot_manual_api - WARNING - Item ID 1.2.2 does not follow expected format 1.1.X
2025-03-14 06:51:17,031 - mot_manual_api - WARNING - Subsection ID 3 does not follow expected format 2.X
2025-03-14 06:51:17,031 - mot_manual_api - WARNING - Subsection 3 has no items
2025-03-14 06:51:17,031 - mot_manual_api - INFO - Successfully loaded MOT manual data from mot_manual.json
2025-03-14 06:51:17,033 - mot_manual_api - INFO - Built index with 592 entries
2025-03-14 06:51:17,034 - mot_manual_api - INFO - Index structure: {'section': 8, 'subsection': 37, 'item': 96, 'defect': 451}
2025-03-14 06:51:17,034 - mot_manual_api - INFO - API started and data indexed successfully
2025-03-14 06:52:48,315 - mot_manual_api - WARNING - Item ID 1.2.2 does not follow expected format 1.1.X
2025-03-14 06:52:48,315 - mot_manual_api - WARNING - Subsection ID 3 does not follow expected format 2.X
2025-03-14 06:52:48,316 - mot_manual_api - WARNING - Subsection 3 has no items
2025-03-14 06:52:48,316 - mot_manual_api - INFO - Successfully loaded MOT manual data from mot_manual.json
2025-03-14 06:52:48,316 - mot_manual_api - INFO - Built index with 592 entries
2025-03-14 06:52:48,317 - mot_manual_api - INFO - Index structure: {'section': 8, 'subsection': 37, 'item': 96, 'defect': 451}
2025-03-14 06:52:48,317 - mot_manual_api - INFO - API started and data indexed successfully
2025-03-14 06:54:58,325 - mot_manual_api - WARNING - Item ID 1.2.2 does not follow expected format 1.1.X
2025-03-14 06:54:58,325 - mot_manual_api - WARNING - Subsection ID 3 does not follow expected format 2.X
2025-03-14 06:54:58,325 - mot_manual_api - WARNING - Subsection 3 has no items
2025-03-14 06:54:58,326 - mot_manual_api - INFO - Successfully loaded MOT manual data from mot_manual.json
2025-03-14 06:54:58,326 - mot_manual_api - INFO - Built index with 592 entries
2025-03-14 06:54:58,326 - mot_manual_api - INFO - Index structure: {'section': 8, 'subsection': 37, 'item': 96, 'defect': 451}
2025-03-14 06:54:58,327 - mot_manual_api - INFO - API started and data indexed successfully
2025-03-14 06:57:37,673 - mot_manual_api - WARNING - Item ID 1.2.2 does not follow expected format 1.1.X
2025-03-14 06:57:37,673 - mot_manual_api - WARNING - Subsection ID 3 does not follow expected format 2.X
2025-03-14 06:57:37,673 - mot_manual_api - WARNING - Subsection 3 has no items
2025-03-14 06:57:37,673 - mot_manual_api - INFO - Successfully loaded MOT manual data from mot_manual.json
2025-03-14 06:57:37,674 - mot_manual_api - INFO - Built index with 592 entries
2025-03-14 06:57:37,674 - mot_manual_api - INFO - Index structure: {'section': 8, 'subsection': 37, 'item': 96, 'defect': 451}
2025-03-14 06:57:37,674 - mot_manual_api - INFO - API started and data indexed successfully
2025-03-14 07:09:28,789 - mot_manual_api - WARNING - Item ID 1.2.2 does not follow expected format 1.1.X
2025-03-14 07:09:28,790 - mot_manual_api - WARNING - Subsection ID 3 does not follow expected format 2.X
2025-03-14 07:09:28,790 - mot_manual_api - WARNING - Subsection 3 has no items
2025-03-14 07:09:28,790 - mot_manual_api - INFO - Successfully loaded MOT manual data from mot_manual.json
2025-03-14 07:09:28,791 - mot_manual_api - INFO - Built index with 592 entries
2025-03-14 07:09:28,791 - mot_manual_api - INFO - Index structure: {'section': 8, 'subsection': 37, 'item': 96, 'defect': 451}
2025-03-14 07:09:28,791 - mot_manual_api - INFO - API started and data indexed successfully
2025-03-14 07:44:38,101 - mot_manual_api - WARNING - Item ID 1.2.2 does not follow expected format 1.1.X
2025-03-14 07:44:38,101 - mot_manual_api - WARNING - Subsection ID 3 does not follow expected format 2.X
2025-03-14 07:44:38,101 - mot_manual_api - WARNING - Subsection 3 has no items
2025-03-14 07:44:38,101 - mot_manual_api - INFO - Successfully loaded MOT manual data from mot_manual.json
2025-03-14 07:44:38,102 - mot_manual_api - INFO - Built index with 592 entries
2025-03-14 07:44:38,102 - mot_manual_api - INFO - Index structure: {'section': 8, 'subsection': 37, 'item': 96, 'defect': 451}
2025-03-14 07:44:38,102 - mot_manual_api - INFO - API started and data indexed successfully
2025-03-14 07:45:53,283 - mot_manual_api - WARNING - Item ID 1.2.2 does not follow expected format 1.1.X
2025-03-14 07:45:53,283 - mot_manual_api - WARNING - Subsection ID 3 does not follow expected format 2.X
2025-03-14 07:45:53,284 - mot_manual_api - WARNING - Subsection 3 has no items
2025-03-14 07:45:53,284 - mot_manual_api - INFO - Successfully loaded MOT manual data from mot_manual.json
2025-03-14 07:45:53,284 - mot_manual_api - INFO - Built index with 592 entries
2025-03-14 07:45:53,284 - mot_manual_api - INFO - Index structure: {'section': 8, 'subsection': 37, 'item': 96, 'defect': 451}
2025-03-14 07:45:53,285 - mot_manual_api - INFO - API started and data indexed successfully
2025-03-14 07:50:02,981 - mot_manual_api - WARNING - Item ID 1.2.2 does not follow expected format 1.1.X
2025-03-14 07:50:02,982 - mot_manual_api - WARNING - Subsection ID 3 does not follow expected format 2.X
2025-03-14 07:50:02,982 - mot_manual_api - WARNING - Subsection 3 has no items
2025-03-14 07:50:02,982 - mot_manual_api - INFO - Successfully loaded MOT manual data from mot_manual.json
2025-03-14 07:50:02,983 - mot_manual_api - INFO - Built index with 592 entries
2025-03-14 07:50:02,983 - mot_manual_api - INFO - Index structure: {'section': 8, 'subsection': 37, 'item': 96, 'defect': 451}
2025-03-14 07:50:02,983 - mot_manual_api - INFO - API started and data indexed successfully
2025-03-14 07:50:35,727 - mot_manual_api - WARNING - Item ID 1.2.2 does not follow expected format 1.1.X
2025-03-14 07:50:35,728 - mot_manual_api - WARNING - Subsection ID 3 does not follow expected format 2.X
2025-03-14 07:50:35,728 - mot_manual_api - WARNING - Subsection 3 has no items
2025-03-14 07:50:35,728 - mot_manual_api - INFO - Successfully loaded MOT manual data from mot_manual.json
2025-03-14 07:50:35,729 - mot_manual_api - INFO - Built index with 592 entries
2025-03-14 07:50:35,729 - mot_manual_api - INFO - Index structure: {'section': 8, 'subsection': 37, 'item': 96, 'defect': 451}
2025-03-14 07:50:35,729 - mot_manual_api - INFO - API started and data indexed successfully
2025-03-14 07:58:26,389 - mot_manual_api - WARNING - Item ID 1.2.2 does not follow expected format 1.1.X
2025-03-14 07:58:26,389 - mot_manual_api - WARNING - Subsection ID 3 does not follow expected format 2.X
2025-03-14 07:58:26,389 - mot_manual_api - WARNING - Subsection 3 has no items
2025-03-14 07:58:26,390 - mot_manual_api - INFO - Successfully loaded MOT manual data from mot_manual.json
2025-03-14 07:58:26,390 - mot_manual_api - INFO - Built index with 592 entries
2025-03-14 07:58:26,390 - mot_manual_api - INFO - Index structure: {'section': 8, 'subsection': 37, 'item': 96, 'defect': 451}
2025-03-14 07:58:26,390 - mot_manual_api - INFO - API started and data indexed successfully
2025-03-14 08:00:51,580 - mot_manual_api - WARNING - Item ID 1.2.2 does not follow expected format 1.1.X
2025-03-14 08:00:51,581 - mot_manual_api - WARNING - Subsection ID 3 does not follow expected format 2.X
2025-03-14 08:00:51,581 - mot_manual_api - WARNING - Subsection 3 has no items
2025-03-14 08:00:51,581 - mot_manual_api - INFO - Successfully loaded MOT manual data from mot_manual.json
2025-03-14 08:00:51,581 - mot_manual_api - INFO - Built index with 592 entries
2025-03-14 08:00:51,582 - mot_manual_api - INFO - Index structure: {'section': 8, 'subsection': 37, 'item': 96, 'defect': 451}
2025-03-14 08:00:51,582 - mot_manual_api - INFO - API started and data indexed successfully
2025-03-14 08:02:11,344 - mot_manual_api - WARNING - Item ID 1.2.2 does not follow expected format 1.1.X
2025-03-14 08:02:11,345 - mot_manual_api - WARNING - Subsection ID 3 does not follow expected format 2.X
2025-03-14 08:02:11,345 - mot_manual_api - WARNING - Subsection 3 has no items
2025-03-14 08:02:11,345 - mot_manual_api - INFO - Successfully loaded MOT manual data from mot_manual.json
2025-03-14 08:02:11,347 - mot_manual_api - INFO - Built index with 592 entries
2025-03-14 08:02:11,348 - mot_manual_api - INFO - Index structure: {'section': 8, 'subsection': 37, 'item': 96, 'defect': 451}
2025-03-14 08:02:11,348 - mot_manual_api - INFO - API started and data indexed successfully
2025-03-14 08:03:01,506 - mot_manual_api - WARNING - Item ID 1.2.2 does not follow expected format 1.1.X
2025-03-14 08:03:01,506 - mot_manual_api - WARNING - Subsection ID 3 does not follow expected format 2.X
2025-03-14 08:03:01,506 - mot_manual_api - WARNING - Subsection 3 has no items
2025-03-14 08:03:01,507 - mot_manual_api - INFO - Successfully loaded MOT manual data from mot_manual.json
2025-03-14 08:03:01,507 - mot_manual_api - INFO - Built index with 592 entries
2025-03-14 08:03:01,507 - mot_manual_api - INFO - Index structure: {'section': 8, 'subsection': 37, 'item': 96, 'defect': 451}
2025-03-14 08:03:01,508 - mot_manual_api - INFO - API started and data indexed successfully
2025-03-14 08:31:01,395 - mot_manual_api - WARNING - Item ID 1.2.2 does not follow expected format 1.1.X
2025-03-14 08:31:01,395 - mot_manual_api - WARNING - Subsection ID 3 does not follow expected format 2.X
2025-03-14 08:31:01,395 - mot_manual_api - WARNING - Subsection 3 has no items
2025-03-14 08:31:01,396 - mot_manual_api - INFO - Successfully loaded MOT manual data from mot_manual.json
2025-03-14 08:31:01,396 - mot_manual_api - INFO - Built index with 592 entries
2025-03-14 08:31:01,397 - mot_manual_api - INFO - Index structure: {'section': 8, 'subsection': 37, 'item': 96, 'defect': 451}
2025-03-14 08:31:01,397 - mot_manual_api - INFO - API started and data indexed successfully
2025-03-14 10:34:56,707 - mot_manual_api - WARNING - Item ID 1.2.2 does not follow expected format 1.1.X
2025-03-14 10:34:56,707 - mot_manual_api - WARNING - Subsection ID 3 does not follow expected format 2.X
2025-03-14 10:34:56,707 - mot_manual_api - WARNING - Subsection 3 has no items
2025-03-14 10:34:56,708 - mot_manual_api - INFO - Successfully loaded MOT manual data from mot_manual.json
2025-03-14 10:34:56,708 - mot_manual_api - INFO - Built index with 592 entries
2025-03-14 10:34:56,709 - mot_manual_api - INFO - Index structure: {'section': 8, 'subsection': 37, 'item': 96, 'defect': 451}
2025-03-14 10:34:56,709 - mot_manual_api - INFO - API started and data indexed successfully
2025-03-14 10:35:38,233 - mot_manual_api - WARNING - Item ID 1.2.2 does not follow expected format 1.1.X
2025-03-14 10:35:38,234 - mot_manual_api - WARNING - Subsection ID 3 does not follow expected format 2.X
2025-03-14 10:35:38,234 - mot_manual_api - WARNING - Subsection 3 has no items
2025-03-14 10:35:38,234 - mot_manual_api - INFO - Successfully loaded MOT manual data from mot_manual.json
2025-03-14 10:35:38,235 - mot_manual_api - INFO - Built index with 592 entries
2025-03-14 10:35:38,235 - mot_manual_api - INFO - Index structure: {'section': 8, 'subsection': 37, 'item': 96, 'defect': 451}
2025-03-14 10:35:38,235 - mot_manual_api - INFO - API started and data indexed successfully
2025-03-14 10:57:00,252 - mot_manual_api - WARNING - Item ID 1.2.2 does not follow expected format 1.1.X
2025-03-14 10:57:00,252 - mot_manual_api - WARNING - Subsection ID 3 does not follow expected format 2.X
2025-03-14 10:57:00,252 - mot_manual_api - WARNING - Subsection 3 has no items
2025-03-14 10:57:00,253 - mot_manual_api - INFO - Successfully loaded MOT manual data from mot_manual.json
2025-03-14 10:57:00,254 - mot_manual_api - INFO - Built index with 592 entries
2025-03-14 10:57:00,254 - mot_manual_api - INFO - Index structure: {'section': 8, 'subsection': 37, 'item': 96, 'defect': 451}
2025-03-14 10:57:00,254 - mot_manual_api - INFO - API started and data indexed successfully
2025-03-14 12:58:16,729 - mot_manual_api - WARNING - Item ID 1.2.2 does not follow expected format 1.1.X
2025-03-14 12:58:16,730 - mot_manual_api - WARNING - Subsection ID 3 does not follow expected format 2.X
2025-03-14 12:58:16,730 - mot_manual_api - WARNING - Subsection 3 has no items
2025-03-14 12:58:16,730 - mot_manual_api - INFO - Successfully loaded MOT manual data from mot_manual.json
2025-03-14 12:58:16,730 - mot_manual_api - INFO - Built index with 592 entries
2025-03-14 12:58:16,731 - mot_manual_api - INFO - Index structure: {'section': 8, 'subsection': 37, 'item': 96, 'defect': 451}
2025-03-14 12:58:16,731 - mot_manual_api - INFO - API started and data indexed successfully
2025-03-14 13:44:11,404 - mot_manual_api - WARNING - Item ID 1.2.2 does not follow expected format 1.1.X
2025-03-14 13:44:11,405 - mot_manual_api - WARNING - Subsection ID 3 does not follow expected format 2.X
2025-03-14 13:44:11,405 - mot_manual_api - WARNING - Subsection 3 has no items
2025-03-14 13:44:11,405 - mot_manual_api - INFO - Successfully loaded MOT manual data from mot_manual.json
2025-03-14 13:44:11,406 - mot_manual_api - INFO - Built index with 592 entries
2025-03-14 13:44:11,407 - mot_manual_api - INFO - Index structure: {'section': 8, 'subsection': 37, 'item': 96, 'defect': 451}
2025-03-14 13:44:11,407 - mot_manual_api - INFO - API started and data indexed successfully
2025-03-14 18:06:40,079 - mot_manual_api - WARNING - Item ID 1.2.2 does not follow expected format 1.1.X
2025-03-14 18:06:40,079 - mot_manual_api - WARNING - Subsection ID 3 does not follow expected format 2.X
2025-03-14 18:06:40,080 - mot_manual_api - WARNING - Subsection 3 has no items
2025-03-14 18:06:40,080 - mot_manual_api - INFO - Successfully loaded MOT manual data from mot_manual.json
2025-03-14 18:06:40,081 - mot_manual_api - INFO - Built index with 592 entries
2025-03-14 18:06:40,081 - mot_manual_api - INFO - Index structure: {'section': 8, 'subsection': 37, 'item': 96, 'defect': 451}
2025-03-14 18:06:40,081 - mot_manual_api - INFO - API started and data indexed successfully
2025-03-14 18:10:11,288 - mot_manual_api - WARNING - Item ID 1.2.2 does not follow expected format 1.1.X
2025-03-14 18:10:11,289 - mot_manual_api - WARNING - Subsection ID 3 does not follow expected format 2.X
2025-03-14 18:10:11,289 - mot_manual_api - WARNING - Subsection 3 has no items
2025-03-14 18:10:11,289 - mot_manual_api - INFO - Successfully loaded MOT manual data from mot_manual.json
2025-03-14 18:10:11,290 - mot_manual_api - INFO - Built index with 592 entries
2025-03-14 18:10:11,290 - mot_manual_api - INFO - Index structure: {'section': 8, 'subsection': 37, 'item': 96, 'defect': 451}
2025-03-14 18:10:11,290 - mot_manual_api - INFO - API started and data indexed successfully
2025-03-15 06:56:16,187 - mot_manual_api - WARNING - Item ID 1.2.2 does not follow expected format 1.1.X
2025-03-15 06:56:16,188 - mot_manual_api - WARNING - Subsection ID 3 does not follow expected format 2.X
2025-03-15 06:56:16,188 - mot_manual_api - WARNING - Subsection 3 has no items
2025-03-15 06:56:16,189 - mot_manual_api - INFO - Successfully loaded MOT manual data from mot_manual.json
2025-03-15 06:56:16,190 - mot_manual_api - INFO - Built index with 592 entries
2025-03-15 06:56:16,190 - mot_manual_api - INFO - Index structure: {'section': 8, 'subsection': 37, 'item': 96, 'defect': 451}
2025-03-15 06:56:16,190 - mot_manual_api - INFO - API started and data indexed successfully
2025-03-15 12:30:42,219 - mot_manual_api - WARNING - Item ID 1.2.2 does not follow expected format 1.1.X
2025-03-15 12:30:42,220 - mot_manual_api - WARNING - Subsection ID 3 does not follow expected format 2.X
2025-03-15 12:30:42,220 - mot_manual_api - WARNING - Subsection 3 has no items
2025-03-15 12:30:42,221 - mot_manual_api - INFO - Successfully loaded MOT manual data from mot_manual.json
2025-03-15 12:30:42,222 - mot_manual_api - INFO - Built index with 592 entries
2025-03-15 12:30:42,222 - mot_manual_api - INFO - Index structure: {'section': 8, 'subsection': 37, 'item': 96, 'defect': 451}
2025-03-15 12:30:42,222 - mot_manual_api - INFO - API started and data indexed successfully
2025-03-15 16:58:14,031 - mot_manual_api - WARNING - Item ID 1.2.2 does not follow expected format 1.1.X
2025-03-15 16:58:14,033 - mot_manual_api - WARNING - Subsection ID 3 does not follow expected format 2.X
2025-03-15 16:58:14,033 - mot_manual_api - WARNING - Subsection 3 has no items
2025-03-15 16:58:14,033 - mot_manual_api - INFO - Successfully loaded MOT manual data from mot_manual.json
2025-03-15 16:58:14,035 - mot_manual_api - INFO - Built index with 592 entries
2025-03-15 16:58:14,035 - mot_manual_api - INFO - Index structure: {'section': 8, 'subsection': 37, 'item': 96, 'defect': 451}
2025-03-15 16:58:14,035 - mot_manual_api - INFO - API started and data indexed successfully
2025-03-18 10:01:05,945 - mot_manual_api - WARNING - Item ID 1.2.2 does not follow expected format 1.1.X
2025-03-18 10:01:05,945 - mot_manual_api - WARNING - Subsection ID 3 does not follow expected format 2.X
2025-03-18 10:01:05,946 - mot_manual_api - WARNING - Subsection 3 has no items
2025-03-18 10:01:05,946 - mot_manual_api - INFO - Successfully loaded MOT manual data from mot_manual.json
2025-03-18 10:01:05,947 - mot_manual_api - INFO - Built index with 592 entries
2025-03-18 10:01:05,947 - mot_manual_api - INFO - Index structure: {'section': 8, 'subsection': 37, 'item': 96, 'defect': 451}
2025-03-18 10:01:05,948 - mot_manual_api - INFO - API started and data indexed successfully
2025-03-18 10:04:17,761 - mot_manual_api - WARNING - Item ID 1.2.2 does not follow expected format 1.1.X
2025-03-18 10:04:17,762 - mot_manual_api - WARNING - Subsection ID 3 does not follow expected format 2.X
2025-03-18 10:04:17,762 - mot_manual_api - WARNING - Subsection 3 has no items
2025-03-18 10:04:17,762 - mot_manual_api - INFO - Successfully loaded MOT manual data from mot_manual.json
2025-03-18 10:04:17,763 - mot_manual_api - INFO - Built index with 592 entries
2025-03-18 10:04:17,764 - mot_manual_api - INFO - Index structure: {'section': 8, 'subsection': 37, 'item': 96, 'defect': 451}
2025-03-18 10:04:17,764 - mot_manual_api - INFO - API started and data indexed successfully
2025-03-18 10:26:23,556 - mot_manual_api - WARNING - Item ID 1.2.2 does not follow expected format 1.1.X
2025-03-18 10:26:23,556 - mot_manual_api - WARNING - Subsection ID 3 does not follow expected format 2.X
2025-03-18 10:26:23,556 - mot_manual_api - WARNING - Subsection 3 has no items
2025-03-18 10:26:23,557 - mot_manual_api - INFO - Successfully loaded MOT manual data from mot_manual.json
2025-03-18 10:26:23,558 - mot_manual_api - INFO - Built index with 592 entries
2025-03-18 10:26:23,558 - mot_manual_api - INFO - Index structure: {'section': 8, 'subsection': 37, 'item': 96, 'defect': 451}
2025-03-18 10:26:23,559 - mot_manual_api - INFO - API started and data indexed successfully
