* Host workshop.autodata-group.com:443 was resolved.
* IPv6: (none)
* IPv4: 35.176.45.131
*   Trying 35.176.45.131:443...
* schannel: disabled automatic use of client certificate
*    Subject: C=US, ST=Texas, L=Westlake, O=Solera Holdings LLC, CN=*.autodata-group.com
*    Issuer: C=US, O=DigiCert Inc, CN=DigiCert Global G2 TLS RSA SHA256 2020 CA1
*    Version: 2
*    Serial Number: 0a:df:73:44:57:00:50:9a:19:67:e8:09:06:a1:f3:33:
*    Signature Algorithm: sha256WithRSAEncryption
*    Start Date: 2024-08-21 00:00:00 GMT
*    Expire Date: 2025-08-18 23:59:59 GMT
*    Public Key Algorithm: rsaEncryption
*    RSA Public Key (2048 bits)
*    rsa(n): c8:e4:dc:d7:e9:3c:1b:6a:e8:cd:10:65:85:05:fd:69:39:f5:3d:2d:6a:e1:33:75:37:ff:8d:22:ce:93:b3:e0:15:23:f8:a3:fe:7a:88:24:82:80:d8:fa:61:c4:1e:7a:6f:ef:34:90:1b:fe:4a:f7:31:ee:40:47:bf:9f:f1:c1:d6:90:de:9e:2e:a4:a6:bd:8e:cc:e9:75:76:44:55:4c:fb:ac:d8:63:41:64:0f:14:8c:8b:6a:64:e3:0b:8d:40:86:3e:cf:f1:8f:98:98:51:bb:3e:82:08:1f:0e:b9:d8:17:31:f3:5d:a5:9a:c8:14:d2:9a:2c:5c:bc:10:fe:93:8a:72:9e:b7:9a:fb:4f:1c:e9:e6:6e:a7:e0:60:98:8e:33:18:c1:81:ce:5e:53:8f:e7:e0:16:6a:80:ec:a6:dc:21:d5:91:b8:a7:07:18:72:d8:2a:21:7b:7e:b4:84:47:a5:65:0e:75:b9:68:c6:66:ba:7c:aa:1d:0b:15:aa:70:27:d1:ae:83:69:e1:41:6c:7d:90:5e:42:05:cc:f5:9a:1b:86:74:84:91:24:ec:89:04:70:9b:ed:3d:4c:ca:e6:f0:f8:9c:af:51:1b:eb:2a:f2:00:11:9c:1e:d4:ec:22:44:89:0f:54:e4:b1:7c:f7:4f:c2:36:0c:4f:43:d0:99:
*    rsa(e): 0x10001
*    Signature: 11:02:c3:df:34:55:a1:1a:e0:48:f0:68:db:ab:05:18:96:bd:7b:6b:10:dc:e7:3d:d2:69:a6:14:60:14:8a:ba:7b:87:33:f8:46:c9:4b:4c:13:88:31:cf:03:f5:d9:9b:09:b2:70:1a:ef:7a:f6:74:8e:1c:0b:03:64:50:a8:80:24:57:d7:18:bd:c2:33:0c:5d:c5:99:57:76:46:ca:1f:b8:73:9d:59:36:b5:a9:9c:c4:a8:60:71:87:c7:0b:20:50:ec:63:a1:8d:b9:71:63:fe:80:1b:1e:85:b4:ef:cb:03:a1:99:92:9a:59:ea:d4:6e:20:a6:df:5d:83:8d:0c:3c:c4:97:9a:57:b5:80:30:84:00:dc:b3:81:32:af:70:ec:2f:1f:9c:1f:04:46:a8:ff:41:d9:e2:ec:98:07:00:77:9e:f8:5f:54:5a:d6:12:25:08:b2:d4:22:cd:91:f1:6a:fe:5e:c7:3e:fa:94:94:13:fa:96:26:98:dc:96:7e:2d:0c:dd:34:4a:16:43:fc:92:bd:0b:90:c3:50:18:b6:fd:aa:29:21:99:d6:1a:5c:22:ee:5f:a8:25:b6:57:56:dd:c3:b1:25:35:e0:be:d0:f4:69:e8:53:ca:4b:34:f1:70:af:a5:1d:a8:3e:a0:34:f2:31:9b:61:ce:2e:3b:09:
*    Cert: -----BEGIN CERTIFICATE-----
MIIHYDCCBkigAwIBAgIQCt9zRFcAUJoZZ+gJBqHzMzANBgkqhkiG9w0BAQsFADBZ
MQswCQYDVQQGEwJVUzEVMBMGA1UEChMMRGlnaUNlcnQgSW5jMTMwMQYDVQQDEypE
aWdpQ2VydCBHbG9iYWwgRzIgVExTIFJTQSBTSEEyNTYgMjAyMCBDQTEwHhcNMjQw
ODIxMDAwMDAwWhcNMjUwODE4MjM1OTU5WjBtMQswCQYDVQQGEwJVUzEOMAwGA1UE
CBMFVGV4YXMxETAPBgNVBAcTCFdlc3RsYWtlMRwwGgYDVQQKExNTb2xlcmEgSG9s
ZGluZ3MgTExDMR0wGwYDVQQDDBQqLmF1dG9kYXRhLWdyb3VwLmNvbTCCASIwDQYJ
KoZIhvcNAQEBBQADggEPADCCAQoCggEBAMjk3NfpPBtq6M0QZYUF/Wk59T0tauEz
dTf/jSLOk7PgFSP4o/56iCSCgNj6YcQeem/vNJAb/kr3Me5AR7+f8cHWkN6eLqSm
vY7M6XV2RFVM+6zYY0FkDxSMi2pk4wuNQIY+z/GPmJhRuz6CCB8OudgXMfNdpZrI
FNKaLFy8EP6TinKet5r7Txzp5m6n4GCYjjMYwYHOXlOP5+AWaoDsptwh1ZG4pwcY
ctgqIXt+tIRHpWUOdbloxma6fKodCxWqcCfRroNp4UFsfZBeQgXM9ZobhnSEkSTs
iQRwm+09TMrm8Picr1Eb6yryABGcHtTsIkSJD1TksXz3T8I2DE9D0JkCAwEAAaOC
BA4wggQKMB8GA1UdIwQYMBaAFHSFgMBmx9833s+9KTeqAx2+7c0XMB0GA1UdDgQW
BBTPI5B+4oX/z6uO7VEf2Tag9FdKFjCBnQYDVR0RBIGVMIGSghQqLmF1dG9kYXRh
LWdyb3VwLmNvbYIXKi5tdy5hdXRvZGF0YS1ncm91cC5jb22CGyouZGV2b3BzLmF1
dG9kYXRhLWdyb3VwLmNvbYIVbXcuYXV0b2RhdGEtZ3JvdXAuY29tghlkZXZvcHMu
YXV0b2RhdGEtZ3JvdXAuY29tghJhdXRvZGF0YS1ncm91cC5jb20wPgYDVR0gBDcw
NTAzBgZngQwBAgIwKTAnBggrBgEFBQcCARYbaHR0cDovL3d3dy5kaWdpY2VydC5j
b20vQ1BTMA4GA1UdDwEB/wQEAwIFoDAdBgNVHSUEFjAUBggrBgEFBQcDAQYIKwYB
BQUHAwIwgZ8GA1UdHwSBlzCBlDBIoEagRIZCaHR0cDovL2NybDMuZGlnaWNlcnQu
Y29tL0RpZ2lDZXJ0R2xvYmFsRzJUTFNSU0FTSEEyNTYyMDIwQ0ExLTEuY3JsMEig
RqBEhkJodHRwOi8vY3JsNC5kaWdpY2VydC5jb20vRGlnaUNlcnRHbG9iYWxHMlRM
U1JTQVNIQTI1NjIwMjBDQTEtMS5jcmwwgYcGCCsGAQUFBwEBBHsweTAkBggrBgEF
BQcwAYYYaHR0cDovL29jc3AuZGlnaWNlcnQuY29tMFEGCCsGAQUFBzAChkVodHRw
Oi8vY2FjZXJ0cy5kaWdpY2VydC5jb20vRGlnaUNlcnRHbG9iYWxHMlRMU1JTQVNI
QTI1NjIwMjBDQTEtMS5jcnQwDAYDVR0TAQH/BAIwADCCAX0GCisGAQQB1nkCBAIE
ggFtBIIBaQFnAHYAEvFONL1TckyEBhnDjz96E/jntWKHiJxtMAWE6+WGJjoAAAGR
dvRz/wAABAMARzBFAiAjKffmj4DIQWikHXn2zx1GdOT91c95mYTW0adyM5A26AIh
AO+6LxmZpEbSh+lRjW4AR7U1pOWR51T4TAygYgPwz2CjAHUAfVkeEuF4KnscYWd8
Xv340IdcFKBOlZ65Ay/ZDowuebgAAAGRdvRzvAAABAMARjBEAiBatBiesdTExjL/
hBHK0a7SbzFX46LbyqMyVMX0kdEbkAIgGr1w8G8NV64GdQd6GqVPlGL5aefL...
* Connected to workshop.autodata-group.com (35.176.45.131) port 443
* using HTTP/1.x
> GET /w2/api/tyres/HON10425?v=c475fc2fee6cb3aa12c5a3c966dbcd39dfe4659c&language=en-gb HTTP/1.1
> Host: workshop.autodata-group.com
> User-Agent: curl/8.12.1
> Accept: */*
> 
* Request completely sent off
< HTTP/1.1 302 Moved Temporarily
< Server: nginx
< Date: Wed, 19 Mar 2025 00:10:54 GMT
< Content-Type: text/html
< Content-Length: 138
< Connection: keep-alive
< Location: https://workshop.autodata-group.com?referer=/w2/api/tyres/HON10425?v=c475fc2fee6cb3aa12c5a3c966dbcd39dfe4659c&language=en-gb
< 
{ [138 bytes data]
* Connection #0 to host workshop.autodata-group.com left intact
